<?xml version="1.0" encoding="UTF-8"?>
<testsuite name="com.empresa.notificaciones_service.NotificacionesServiceApplicationTests" tests="1" skipped="0" failures="0" errors="0" timestamp="2026-05-06T01:48:16.259Z" hostname="DESKTOP-2R3451S" time="1.168">
  <properties/>
  <testcase name="contextLoads()" classname="com.empresa.notificaciones_service.NotificacionesServiceApplicationTests" time="1.168"/>
  <system-out><![CDATA[20:48:11.471 [Test worker] INFO org.springframework.test.context.support.AnnotationConfigContextLoaderUtils -- Could not detect default configuration classes for test class [com.empresa.notificaciones_service.NotificacionesServiceApplicationTests]: NotificacionesServiceApplicationTests does not declare any static, non-private, non-final, nested classes annotated with @Configuration.
20:48:11.686 [Test worker] INFO org.springframework.boot.test.context.SpringBootTestContextBootstrapper -- Found @SpringBootConfiguration com.empresa.notificaciones_service.NotificacionesServiceApplication for test class com.empresa.notificaciones_service.NotificacionesServiceApplicationTests

  .   ____          _            __ _ _
 /\\ / ___'_ __ _ _(_)_ __  __ _ \ \ \ \
( ( )\___ | '_ | '_| | '_ \/ _` | \ \ \ \
 \\/  ___)| |_)| | | | | || (_| |  ) ) ) )
  '  |____| .__|_| |_|_| |_\__, | / / / /
 =========|_|==============|___/=/_/_/_/

 :: Spring Boot ::               (v3.5.14)

2026-05-05T20:48:12.465-05:00  INFO 17228 --- [notificaciones-service] [    Test worker] .n.NotificacionesServiceApplicationTests : Starting NotificacionesServiceApplicationTests using Java 17.0.17 with PID 17228 (started by PABLO in C:\Proyecto-Microservicios\notificaciones-service)
2026-05-05T20:48:12.471-05:00  INFO 17228 --- [notificaciones-service] [    Test worker] .n.NotificacionesServiceApplicationTests : No active profile set, falling back to 1 default profile: "default"
2026-05-05T20:48:13.530-05:00  INFO 17228 --- [notificaciones-service] [    Test worker] .s.d.r.c.RepositoryConfigurationDelegate : Bootstrapping Spring Data MongoDB repositories in DEFAULT mode.
2026-05-05T20:48:13.657-05:00  INFO 17228 --- [notificaciones-service] [    Test worker] .s.d.r.c.RepositoryConfigurationDelegate : Finished Spring Data repository scanning in 113 ms. Found 1 MongoDB repository interface.
2026-05-05T20:48:14.339-05:00  INFO 17228 --- [notificaciones-service] [    Test worker] org.mongodb.driver.client                : MongoClient with metadata {"driver": {"name": "mongo-java-driver|sync|spring-boot", "version": "5.5.2"}, "os": {"type": "Windows", "name": "Windows 11", "architecture": "amd64", "version": "10.0"}, "platform": "Java/Eclipse Adoptium/17.0.17+10"} created with settings MongoClientSettings{readPreference=primary, writeConcern=WriteConcern{w=null, wTimeout=null ms, journal=null}, retryWrites=true, retryReads=true, readConcern=ReadConcern{level=null}, credential=null, transportSettings=null, commandListeners=[], codecRegistry=ProvidersCodecRegistry{codecProviders=[ValueCodecProvider{}, BsonValueCodecProvider{}, DBRefCodecProvider{}, DBObjectCodecProvider{}, DocumentCodecProvider{}, CollectionCodecProvider{}, IterableCodecProvider{}, MapCodecProvider{}, GeoJsonCodecProvider{}, GridFSFileCodecProvider{}, Jsr310CodecProvider{}, JsonObjectCodecProvider{}, BsonCodecProvider{}, EnumCodecProvider{}, com.mongodb.client.model.mql.ExpressionCodecProvider@38a4e2b0, com.mongodb.Jep395RecordCodecProvider@14c99bf6, com.mongodb.KotlinCodecProvider@266e9dda]}, loggerSettings=LoggerSettings{maxDocumentLength=1000}, clusterSettings={hosts=[localhost:27017], srvServiceName=mongodb, mode=SINGLE, requiredClusterType=UNKNOWN, requiredReplicaSetName='null', serverSelector='null', clusterListeners='[]', serverSelectionTimeout='30000 ms', localThreshold='15 ms'}, socketSettings=SocketSettings{connectTimeoutMS=10000, readTimeoutMS=0, receiveBufferSize=0, proxySettings=ProxySettings{host=null, port=null, username=null, password=null}}, heartbeatSocketSettings=SocketSettings{connectTimeoutMS=10000, readTimeoutMS=10000, receiveBufferSize=0, proxySettings=ProxySettings{host=null, port=null, username=null, password=null}}, connectionPoolSettings=ConnectionPoolSettings{maxSize=100, minSize=0, maxWaitTimeMS=120000, maxConnectionLifeTimeMS=0, maxConnectionIdleTimeMS=0, maintenanceInitialDelayMS=0, maintenanceFrequencyMS=60000, connectionPoolListeners=[], maxConnecting=2}, serverSettings=ServerSettings{heartbeatFrequencyMS=10000, minHeartbeatFrequencyMS=500, serverMonitoringMode=AUTO, serverListeners='[]', serverMonitorListeners='[]'}, sslSettings=SslSettings{enabled=false, invalidHostNameAllowed=false, context=null}, applicationName='null', compressorList=[], uuidRepresentation=JAVA_LEGACY, serverApi=null, autoEncryptionSettings=null, dnsClient=null, inetAddressResolver=null, contextProvider=null, timeoutMS=null}
2026-05-05T20:48:14.359-05:00  INFO 17228 --- [notificaciones-service] [localhost:27017] org.mongodb.driver.cluster               : Monitor thread successfully connected to server with description ServerDescription{address=localhost:27017, type=STANDALONE, cryptd=false, state=CONNECTED, ok=true, minWireVersion=0, maxWireVersion=27, maxDocumentSize=16777216, logicalSessionTimeoutMinutes=30, roundTripTimeNanos=36231500, minRoundTripTimeNanos=0}
2026-05-05T20:48:16.135-05:00  INFO 17228 --- [notificaciones-service] [    Test worker] o.s.a.r.c.CachingConnectionFactory       : Attempting to connect to: [localhost:5672]
2026-05-05T20:48:16.193-05:00  INFO 17228 --- [notificaciones-service] [    Test worker] o.s.a.r.l.SimpleMessageListenerContainer : Broker not available; cannot force queue declarations during start: java.net.ConnectException: Connection refused: getsockopt
2026-05-05T20:48:16.213-05:00  INFO 17228 --- [notificaciones-service] [ntContainer#0-1] o.s.a.r.c.CachingConnectionFactory       : Attempting to connect to: [localhost:5672]
2026-05-05T20:48:16.237-05:00  INFO 17228 --- [notificaciones-service] [    Test worker] .n.NotificacionesServiceApplicationTests : Started NotificacionesServiceApplicationTests in 4.264 seconds (process running for 6.042)
]]></system-out>
  <system-err><![CDATA[]]></system-err>
</testsuite>
